<?xml version="1.0" encoding="UTF-8"?>
<coverage generated="1731132905601" clover="3.2.0">
  <project timestamp="1731132905601" name="All files">
    <metrics statements="17" coveredstatements="17" conditionals="3" coveredconditionals="3" methods="7" coveredmethods="7" elements="27" coveredelements="27" complexity="0" loc="17" ncloc="17" packages="3" files="3" classes="3"/>
    <package name="Todo">
      <metrics statements="3" coveredstatements="3" conditionals="0" coveredconditionals="0" methods="2" coveredmethods="2"/>
      <file name="index.tsx" path="/home/sam/Desktop/node-aws/client/src/components/Todo/index.tsx">
        <metrics statements="3" coveredstatements="3" conditionals="0" coveredconditionals="0" methods="2" coveredmethods="2"/>
        <line num="4" count="6" type="stmt"/>
        <line num="5" count="11" type="stmt"/>
        <line num="8" count="2" type="stmt"/>
      </file>
    </package>
    <package name="TodoForm">
      <metrics statements="10" coveredstatements="10" conditionals="1" coveredconditionals="1" methods="3" coveredmethods="3"/>
      <file name="index.tsx" path="/home/sam/Desktop/node-aws/client/src/components/TodoForm/index.tsx">
        <metrics statements="10" coveredstatements="10" conditionals="1" coveredconditionals="1" methods="3" coveredmethods="3"/>
        <line num="1" count="4" type="stmt"/>
        <line num="5" count="4" type="stmt"/>
        <line num="6" count="20" type="stmt"/>
        <line num="8" count="20" type="stmt"/>
        <line num="9" count="4" type="stmt"/>
        <line num="10" count="4" type="cond" truecount="1" falsecount="0"/>
        <line num="11" count="4" type="stmt"/>
        <line num="12" count="4" type="stmt"/>
        <line num="16" count="20" type="stmt"/>
        <line num="23" count="4" type="stmt"/>
      </file>
    </package>
    <package name="TodoList">
      <metrics statements="4" coveredstatements="4" conditionals="2" coveredconditionals="2" methods="2" coveredmethods="2"/>
      <file name="index.tsx" path="/home/sam/Desktop/node-aws/client/src/components/TodoList/index.tsx">
        <metrics statements="4" coveredstatements="4" conditionals="2" coveredconditionals="2" methods="2" coveredmethods="2"/>
        <line num="2" count="4" type="stmt"/>
        <line num="5" count="4" type="stmt"/>
        <line num="6" count="12" type="stmt"/>
        <line num="10" count="7" type="stmt"/>
      </file>
    </package>
  </project>
</coverage>
