{"/home/sam/Desktop/node-aws/client/src/components/Todo/index.tsx": {"path":"/home/sam/Desktop/node-aws/client/src/components/Todo/index.tsx","statementMap":{"0":{"start":{"line":5,"column":2},"end":{"line":10,"column":null}},"1":{"start":{"line":8,"column":27},"end":{"line":8,"column":46}},"2":{"start":{"line":4,"column":0},"end":{"line":4,"column":24}}},"fnMap":{"0":{"name":"Todo","decl":{"start":{"line":4,"column":24},"end":{"line":4,"column":28}},"loc":{"start":{"line":4,"column":98},"end":{"line":11,"column":1}}},"1":{"name":"(anonymous_1)","decl":{"start":{"line":8,"column":21},"end":{"line":8,"column":24}},"loc":{"start":{"line":8,"column":27},"end":{"line":8,"column":46}}}},"branchMap":{},"s":{"0":11,"1":2,"2":6},"f":{"0":11,"1":2},"b":{}}
,"/home/sam/Desktop/node-aws/client/src/components/TodoForm/index.tsx": {"path":"/home/sam/Desktop/node-aws/client/src/components/TodoForm/index.tsx","statementMap":{"0":{"start":{"line":1,"column":0},"end":{"line":1,"column":33}},"1":{"start":{"line":6,"column":38},"end":{"line":6,"column":50}},"2":{"start":{"line":8,"column":24},"end":{"line":14,"column":3}},"3":{"start":{"line":9,"column":4},"end":{"line":9,"column":23}},"4":{"start":{"line":10,"column":4},"end":{"line":13,"column":5}},"5":{"start":{"line":11,"column":6},"end":{"line":11,"column":26}},"6":{"start":{"line":12,"column":6},"end":{"line":12,"column":24}},"7":{"start":{"line":16,"column":2},"end":{"line":27,"column":4}},"8":{"start":{"line":23,"column":25},"end":{"line":23,"column":54}},"9":{"start":{"line":5,"column":1},"end":{"line":5,"column":25}}},"fnMap":{"0":{"name":"TodoForm","decl":{"start":{"line":5,"column":25},"end":{"line":5,"column":33}},"loc":{"start":{"line":5,"column":80},"end":{"line":28,"column":1}}},"1":{"name":"(anonymous_1)","decl":{"start":{"line":8,"column":24},"end":{"line":8,"column":25}},"loc":{"start":{"line":8,"column":64},"end":{"line":14,"column":3}}},"2":{"name":"(anonymous_2)","decl":{"start":{"line":23,"column":18},"end":{"line":23,"column":19}},"loc":{"start":{"line":23,"column":25},"end":{"line":23,"column":54}}}},"branchMap":{"0":{"loc":{"start":{"line":10,"column":4},"end":{"line":13,"column":5}},"type":"if","locations":[{"start":{"line":10,"column":4},"end":{"line":13,"column":5}}]}},"s":{"0":4,"1":20,"2":20,"3":4,"4":4,"5":4,"6":4,"7":20,"8":4,"9":4},"f":{"0":20,"1":4,"2":4},"b":{"0":[4]}}
,"/home/sam/Desktop/node-aws/client/src/components/TodoList/index.tsx": {"path":"/home/sam/Desktop/node-aws/client/src/components/TodoList/index.tsx","statementMap":{"0":{"start":{"line":2,"column":0},"end":{"line":2,"column":27}},"1":{"start":{"line":6,"column":2},"end":{"line":16,"column":4}},"2":{"start":{"line":10,"column":9},"end":{"line":10,"column":29}},"3":{"start":{"line":5,"column":0},"end":{"line":5,"column":24}}},"fnMap":{"0":{"name":"TodoList","decl":{"start":{"line":5,"column":24},"end":{"line":5,"column":32}},"loc":{"start":{"line":5,"column":106},"end":{"line":17,"column":1}}},"1":{"name":"(anonymous_2)","decl":{"start":{"line":9,"column":18},"end":{"line":9,"column":19}},"loc":{"start":{"line":10,"column":9},"end":{"line":10,"column":29}}}},"branchMap":{"0":{"loc":{"start":{"line":8,"column":7},"end":{"line":13,"column":null}},"type":"cond-expr","locations":[{"start":{"line":9,"column":8},"end":{"line":11,"column":10}},{"start":{"line":13,"column":8},"end":{"line":13,"column":34}}]}},"s":{"0":4,"1":12,"2":7,"3":4},"f":{"0":12,"1":7},"b":{"0":[4,8]}}
}
