TN:
SF:src/components/Todo/index.tsx
FN:4,Todo
FN:8,(anonymous_1)
FNF:2
FNH:2
FNDA:11,Todo
FNDA:2,(anonymous_1)
DA:4,6
DA:5,11
DA:8,2
LF:3
LH:3
BRF:0
BRH:0
end_of_record
TN:
SF:src/components/TodoForm/index.tsx
FN:5,TodoForm
FN:8,(anonymous_1)
FN:23,(anonymous_2)
FNF:3
FNH:3
FNDA:20,TodoForm
FNDA:4,(anonymous_1)
FNDA:4,(anonymous_2)
DA:1,4
DA:5,4
DA:6,20
DA:8,20
DA:9,4
DA:10,4
DA:11,4
DA:12,4
DA:16,20
DA:23,4
LF:10
LH:10
BRDA:10,0,0,4
BRF:1
BRH:1
end_of_record
TN:
SF:src/components/TodoList/index.tsx
FN:5,TodoList
FN:9,(anonymous_2)
FNF:2
FNH:2
FNDA:12,TodoList
FNDA:7,(anonymous_2)
DA:2,4
DA:5,4
DA:6,12
DA:10,7
LF:4
LH:4
BRDA:8,0,0,4
BRDA:8,0,1,8
BRF:2
BRH:2
end_of_record
